build/app/intermediates/manifest_merge_blame_file/debug/manifest-merger-blame-debug-report.txt
1<?xml version="1.0" encoding="utf-8"?>
2<manifest xmlns:android="http://schemas.android.com/apk/res/android"
3    package="com.devzeenko.minimal_alarm"
4    android:versionCode="1"
5    android:versionName="1.0.0" >
6
7    <uses-sdk
8        android:minSdkVersion="16"
9        android:targetSdkVersion="29" />
10    <!--
11         Flutter needs it to communicate with the running application
12         to allow setting breakpoints, to provide hot reload, etc.
13    -->
14    <uses-permission android:name="android.permission.INTERNET" />
14-->src/main/AndroidManifest.xml:7:5-66
14-->src/main/AndroidManifest.xml:7:22-64
15    <uses-permission android:name="android.permission.WRITE_EXTERNAL_STORAGE" />
15-->src/main/AndroidManifest.xml:4:5-80
15-->src/main/AndroidManifest.xml:4:22-78
16    <uses-permission android:name="android.permission.READ_EXTERNAL_STORAGE" />
16-->src/main/AndroidManifest.xml:5:5-79
16-->src/main/AndroidManifest.xml:5:22-77
17    <!--
18 io.flutter.app.FlutterApplication is an android.app.Application that
19         calls FlutterMain.startInitialization(this); in its onCreate method.
20         In most cases you can leave this as-is, but you if you want to provide
21         additional functionality it is fine to subclass or reimplement
22         FlutterApplication and put your custom class here.
23    -->
24    <application
24-->src/main/AndroidManifest.xml:13:5-44:19
25        android:name="io.flutter.app.FlutterApplication"
25-->src/main/AndroidManifest.xml:14:9-57
26        android:appComponentFactory="androidx.core.app.CoreComponentFactory"
26-->[androidx.core:core:1.2.0] AndroidManifest.xml:24:18-86
27        android:debuggable="true"
28        android:icon="@mipmap/ic_launcher"
28-->src/main/AndroidManifest.xml:15:9-43
29        android:label="minimal_alarm" >
29-->src/main/AndroidManifest.xml:16:9-38
30        <activity
30-->src/main/AndroidManifest.xml:17:9-34:20
31            android:name="com.devzeenko.minimal_alarm.MainActivity"
31-->src/main/AndroidManifest.xml:18:13-41
32            android:configChanges="orientation|keyboardHidden|keyboard|screenSize|locale|layoutDirection|fontScale|screenLayout|density|uiMode"
32-->src/main/AndroidManifest.xml:19:13-144
33            android:hardwareAccelerated="true"
33-->src/main/AndroidManifest.xml:20:13-47
34            android:theme="@style/LaunchTheme"
34-->src/main/AndroidManifest.xml:21:13-47
35            android:windowSoftInputMode="adjustResize" >
35-->src/main/AndroidManifest.xml:22:13-55
36
37            <!--
38                 This keeps the window background of the activity showing
39                 until Flutter renders its first frame. It can be removed if
40                 there is no splash screen (such as the default splash screen
41                 defined in @style/LaunchTheme).
42            -->
43            <intent-filter>
43-->src/main/AndroidManifest.xml:27:13-30:29
44                <action android:name="android.intent.action.MAIN" />
44-->src/main/AndroidManifest.xml:28:17-69
44-->src/main/AndroidManifest.xml:28:25-66
45
46                <category android:name="android.intent.category.LAUNCHER" />
46-->src/main/AndroidManifest.xml:29:17-77
46-->src/main/AndroidManifest.xml:29:27-74
47            </intent-filter>
48
49            <meta-data
49-->src/main/AndroidManifest.xml:31:13-33:40
50                android:name="io.flutter.app.android.SplashScreenUntilFirstFrame"
50-->src/main/AndroidManifest.xml:32:17-82
51                android:value="true" />
51-->src/main/AndroidManifest.xml:33:17-37
52        </activity>
53        <!-- android:launchMode="singleTop" -->
54
55        <activity android:name="com.devzeenko.minimal_alarm.SecondActivity" >
55-->src/main/AndroidManifest.xml:37:9-43:20
55-->src/main/AndroidManifest.xml:38:13-43
56            <intent-filter>
56-->src/main/AndroidManifest.xml:39:13-42:29
57                <action android:name="android.intent.action.MAIN" />
57-->src/main/AndroidManifest.xml:28:17-69
57-->src/main/AndroidManifest.xml:28:25-66
58
59                <category android:name="android.intent.category.VIEW" />
59-->src/main/AndroidManifest.xml:41:17-73
59-->src/main/AndroidManifest.xml:41:27-70
60            </intent-filter>
61        </activity>
62    </application>
63
64</manifest>